2013-06-23 16:55:31 Error: [MissingControllerException] Controller class JsController could not be found.
Exception Attributes: array (
  'class' => 'JsController',
  'plugin' => NULL,
)
Request URL: /herraven/js/jquery-1.9.1.min.js
Stack Trace:
#0 C:\wamp\www\herraven\app\webroot\index.php(110): Dispatcher->dispatch(Object(CakeRequest), Object(CakeResponse))
#1 {main}
2013-06-23 16:56:54 Error: [MissingControllerException] Controller class JsController could not be found.
Exception Attributes: array (
  'class' => 'JsController',
  'plugin' => NULL,
)
Request URL: /herraven/js/jquery-1.9.1.min.js
Stack Trace:
#0 C:\wamp\www\herraven\app\webroot\index.php(110): Dispatcher->dispatch(Object(CakeRequest), Object(CakeResponse))
#1 {main}
2013-06-23 16:57:08 Error: [MissingControllerException] Controller class IndexController could not be found.
Exception Attributes: array (
  'class' => 'IndexController',
  'plugin' => NULL,
)
Request URL: /herraven/index/index
Stack Trace:
#0 C:\wamp\www\herraven\app\webroot\index.php(110): Dispatcher->dispatch(Object(CakeRequest), Object(CakeResponse))
#1 {main}
2013-06-23 16:57:08 Error: [MissingControllerException] Controller class JsController could not be found.
Exception Attributes: array (
  'class' => 'JsController',
  'plugin' => NULL,
)
Request URL: /herraven/js/jquery-1.9.1.min.js
Stack Trace:
#0 C:\wamp\www\herraven\app\webroot\index.php(110): Dispatcher->dispatch(Object(CakeRequest), Object(CakeResponse))
#1 {main}
2013-06-23 17:02:14 Error: [MissingViewException] View file "C:\wamp\www\herraven\app\View\Index\index.ctp" is missing.
Exception Attributes: array (
  'file' => 'C:\\wamp\\www\\herraven\\app\\View\\Index\\index.ctp',
)
Request URL: /herraven/index/index
Stack Trace:
#0 C:\wamp\www\herraven\lib\Cake\View\View.php(468): View->_getViewFileName(NULL)
#1 C:\wamp\www\herraven\lib\Cake\Controller\Controller.php(948): View->render(NULL, NULL)
#2 C:\wamp\www\herraven\lib\Cake\Routing\Dispatcher.php(194): Controller->render()
#3 C:\wamp\www\herraven\lib\Cake\Routing\Dispatcher.php(162): Dispatcher->_invoke(Object(IndexController), Object(CakeRequest), Object(CakeResponse))
#4 C:\wamp\www\herraven\app\webroot\index.php(110): Dispatcher->dispatch(Object(CakeRequest), Object(CakeResponse))
#5 {main}
2013-06-23 17:02:14 Error: [MissingControllerException] Controller class JsController could not be found.
Exception Attributes: array (
  'class' => 'JsController',
  'plugin' => NULL,
)
Request URL: /herraven/js/jquery-1.9.1.min.js
Stack Trace:
#0 C:\wamp\www\herraven\app\webroot\index.php(110): Dispatcher->dispatch(Object(CakeRequest), Object(CakeResponse))
#1 {main}
2013-06-23 17:03:09 Error: [MissingControllerException] Controller class JsController could not be found.
Exception Attributes: array (
  'class' => 'JsController',
  'plugin' => NULL,
)
Request URL: /herraven/js/jquery-1.9.1.min.js
Stack Trace:
#0 C:\wamp\www\herraven\app\webroot\index.php(110): Dispatcher->dispatch(Object(CakeRequest), Object(CakeResponse))
#1 {main}
2013-06-23 18:03:39 Error: [MissingControllerException] Controller class JsController could not be found.
Exception Attributes: array (
  'class' => 'JsController',
  'plugin' => NULL,
)
Request URL: /herraven/js/jquery-1.9.1.min.js
Stack Trace:
#0 C:\wamp\www\herraven\app\webroot\index.php(110): Dispatcher->dispatch(Object(CakeRequest), Object(CakeResponse))
#1 {main}
2013-06-23 18:05:11 Error: [MissingControllerException] Controller class JsController could not be found.
Exception Attributes: array (
  'class' => 'JsController',
  'plugin' => NULL,
)
Request URL: /herraven/js/jquery-1.9.1.min.js
Stack Trace:
#0 C:\wamp\www\herraven\app\webroot\index.php(110): Dispatcher->dispatch(Object(CakeRequest), Object(CakeResponse))
#1 {main}
